<?xml version="1.0" encoding="UTF-8"?>
<robot generator="Robot 6.0.2 (Python 3.11.3 on win32)" generated="20230511 12:05:57.578" rpa="false" schemaversion="3">
<suite id="s1" name="Login Screen" source="C:\Users\skywa\PycharmProjects\robotFramework\login_screen.robot">
<kw name="Open Application" library="AppiumLibrary" type="SETUP">
<arg>${URL}</arg>
<arg>platformName=${PLATFORM_NAME}</arg>
<arg>deviceName=${DEVICE_NAME}</arg>
<arg>appPackage=${APP_PACKAGE}</arg>
<arg>appActivity=${APP_ACTIVITY}</arg>
<arg>automationName=${AUTOMATION_NAME}</arg>
<doc>Opens a new application to given Appium server.
Capabilities of appium server, Android and iOS,
Please check https://github.com/appium/appium/blob/master/docs/en/writing-running-appium/server-args.md
| *Option*            | *Man.* | *Description*     |
| remote_url          | Yes    | Appium server url |
| alias               | no     | alias             |
| strict_ssl          | No     | allows you to send commands to an invalid certificate host like a self-signed one. |</doc>
<status status="PASS" starttime="20230511 12:05:58.032" endtime="20230511 12:06:10.296"/>
</kw>
<test id="s1-t1" name="Login With Valid Credentials" line="17">
<kw name="Login With Valid Credintials" library="keywords">
<kw name="Wait Until Page Contains Element" library="AppiumLibrary">
<arg>${LOGIN-BUTTON}</arg>
<doc>Waits until element specified with `locator` appears on current page.</doc>
<msg timestamp="20230511 12:06:11.123" level="INFO">xpath criteria: /hierarchy/android.widget.FrameLayout/android.widget.LinearLayout/android.widget.FrameLayout/android.widget.LinearLayout/android.widget.FrameLayout/android.widget.FrameLayout/android.view.ViewGroup/android.view.ViewGroup/android.view.ViewGroup/android.view.ViewGroup/android.view.ViewGroup/android.view.ViewGroup/android.view.ViewGroup/android.view.ViewGroup/android.view.ViewGroup/android.widget.ScrollView/android.view.ViewGroup/android.widget.Button
xpath criteria: /hierarchy/android.widget.FrameLayout/android.widget.LinearLayout/android.widget.FrameLayout/android.widget.LinearLayout/android.widget.FrameLayout/android.widget.FrameLayout/android.view.ViewGroup/android.view.ViewGroup/android.view.ViewGroup/android.view.ViewGroup/android.view.ViewGroup/android.view.ViewGroup/android.view.ViewGroup/android.view.ViewGroup/android.view.ViewGroup/android.widget.ScrollView/android.view.ViewGroup/android.widget.Button</msg>
<status status="PASS" starttime="20230511 12:06:10.299" endtime="20230511 12:06:11.141"/>
</kw>
<kw name="Click Element" library="AppiumLibrary">
<arg>${USERNAME-LOGIN-FIELD}</arg>
<doc>Click element identified by `locator`.</doc>
<msg timestamp="20230511 12:06:11.145" level="INFO">Clicking element 'xpath=/hierarchy/android.widget.FrameLayout/android.widget.LinearLayout/android.widget.FrameLayout/android.widget.LinearLayout/android.widget.FrameLayout/android.widget.FrameLayout/android.view.ViewGroup/android.view.ViewGroup/android.view.ViewGroup/android.view.ViewGroup/android.view.ViewGroup/android.view.ViewGroup/android.view.ViewGroup/android.view.ViewGroup/android.view.ViewGroup/android.widget.ScrollView/android.view.ViewGroup/android.widget.EditText[1]'.</msg>
<msg timestamp="20230511 12:06:13.010" level="INFO">xpath criteria: /hierarchy/android.widget.FrameLayout/android.widget.LinearLayout/android.widget.FrameLayout/android.widget.LinearLayout/android.widget.FrameLayout/android.widget.FrameLayout/android.view.ViewGroup/android.view.ViewGroup/android.view.ViewGroup/android.view.ViewGroup/android.view.ViewGroup/android.view.ViewGroup/android.view.ViewGroup/android.view.ViewGroup/android.view.ViewGroup/android.widget.ScrollView/android.view.ViewGroup/android.widget.EditText[1]</msg>
<status status="PASS" starttime="20230511 12:06:11.142" endtime="20230511 12:06:13.010"/>
</kw>
<kw name="Input Text" library="AppiumLibrary">
<arg>${USERNAME-LOGIN-FIELD}</arg>
<arg>${USERNAME}</arg>
<doc>Types the given `text` into text field identified by `locator`.</doc>
<msg timestamp="20230511 12:06:13.020" level="INFO">Typing text 'admin' into text field 'xpath=/hierarchy/android.widget.FrameLayout/android.widget.LinearLayout/android.widget.FrameLayout/android.widget.LinearLayout/android.widget.FrameLayout/android.widget.FrameLayout/android.view.ViewGroup/android.view.ViewGroup/android.view.ViewGroup/android.view.ViewGroup/android.view.ViewGroup/android.view.ViewGroup/android.view.ViewGroup/android.view.ViewGroup/android.view.ViewGroup/android.widget.ScrollView/android.view.ViewGroup/android.widget.EditText[1]'</msg>
<msg timestamp="20230511 12:06:14.051" level="INFO">xpath criteria: /hierarchy/android.widget.FrameLayout/android.widget.LinearLayout/android.widget.FrameLayout/android.widget.LinearLayout/android.widget.FrameLayout/android.widget.FrameLayout/android.view.ViewGroup/android.view.ViewGroup/android.view.ViewGroup/android.view.ViewGroup/android.view.ViewGroup/android.view.ViewGroup/android.view.ViewGroup/android.view.ViewGroup/android.view.ViewGroup/android.widget.ScrollView/android.view.ViewGroup/android.widget.EditText[1]</msg>
<status status="PASS" starttime="20230511 12:06:13.010" endtime="20230511 12:06:14.051"/>
</kw>
<kw name="Click Element" library="AppiumLibrary">
<arg>${PASSWORD-LOGIN-FIELD}</arg>
<doc>Click element identified by `locator`.</doc>
<msg timestamp="20230511 12:06:14.060" level="INFO">Clicking element 'xpath=/hierarchy/android.widget.FrameLayout/android.widget.LinearLayout/android.widget.FrameLayout/android.widget.LinearLayout/android.widget.FrameLayout/android.widget.FrameLayout/android.view.ViewGroup/android.view.ViewGroup/android.view.ViewGroup/android.view.ViewGroup/android.view.ViewGroup/android.view.ViewGroup/android.view.ViewGroup/android.view.ViewGroup/android.view.ViewGroup/android.widget.ScrollView/android.view.ViewGroup/android.widget.EditText[2]'.</msg>
<msg timestamp="20230511 12:06:16.125" level="INFO">xpath criteria: /hierarchy/android.widget.FrameLayout/android.widget.LinearLayout/android.widget.FrameLayout/android.widget.LinearLayout/android.widget.FrameLayout/android.widget.FrameLayout/android.view.ViewGroup/android.view.ViewGroup/android.view.ViewGroup/android.view.ViewGroup/android.view.ViewGroup/android.view.ViewGroup/android.view.ViewGroup/android.view.ViewGroup/android.view.ViewGroup/android.widget.ScrollView/android.view.ViewGroup/android.widget.EditText[2]</msg>
<status status="PASS" starttime="20230511 12:06:14.052" endtime="20230511 12:06:16.125"/>
</kw>
<kw name="Input Text" library="AppiumLibrary">
<arg>${PASSWORD-LOGIN-FIELD}</arg>
<arg>${PASSWORD}</arg>
<doc>Types the given `text` into text field identified by `locator`.</doc>
<msg timestamp="20230511 12:06:16.135" level="INFO">Typing text '1234' into text field 'xpath=/hierarchy/android.widget.FrameLayout/android.widget.LinearLayout/android.widget.FrameLayout/android.widget.LinearLayout/android.widget.FrameLayout/android.widget.FrameLayout/android.view.ViewGroup/android.view.ViewGroup/android.view.ViewGroup/android.view.ViewGroup/android.view.ViewGroup/android.view.ViewGroup/android.view.ViewGroup/android.view.ViewGroup/android.view.ViewGroup/android.widget.ScrollView/android.view.ViewGroup/android.widget.EditText[2]'</msg>
<msg timestamp="20230511 12:06:16.514" level="INFO">xpath criteria: /hierarchy/android.widget.FrameLayout/android.widget.LinearLayout/android.widget.FrameLayout/android.widget.LinearLayout/android.widget.FrameLayout/android.widget.FrameLayout/android.view.ViewGroup/android.view.ViewGroup/android.view.ViewGroup/android.view.ViewGroup/android.view.ViewGroup/android.view.ViewGroup/android.view.ViewGroup/android.view.ViewGroup/android.view.ViewGroup/android.widget.ScrollView/android.view.ViewGroup/android.widget.EditText[2]</msg>
<status status="PASS" starttime="20230511 12:06:16.127" endtime="20230511 12:06:16.514"/>
</kw>
<kw name="Click Element" library="AppiumLibrary">
<arg>${LOGIN-BUTTON}</arg>
<doc>Click element identified by `locator`.</doc>
<msg timestamp="20230511 12:06:16.517" level="INFO">Clicking element 'xpath=/hierarchy/android.widget.FrameLayout/android.widget.LinearLayout/android.widget.FrameLayout/android.widget.LinearLayout/android.widget.FrameLayout/android.widget.FrameLayout/android.view.ViewGroup/android.view.ViewGroup/android.view.ViewGroup/android.view.ViewGroup/android.view.ViewGroup/android.view.ViewGroup/android.view.ViewGroup/android.view.ViewGroup/android.view.ViewGroup/android.widget.ScrollView/android.view.ViewGroup/android.widget.Button'.</msg>
<msg timestamp="20230511 12:06:17.447" level="INFO">xpath criteria: /hierarchy/android.widget.FrameLayout/android.widget.LinearLayout/android.widget.FrameLayout/android.widget.LinearLayout/android.widget.FrameLayout/android.widget.FrameLayout/android.view.ViewGroup/android.view.ViewGroup/android.view.ViewGroup/android.view.ViewGroup/android.view.ViewGroup/android.view.ViewGroup/android.view.ViewGroup/android.view.ViewGroup/android.view.ViewGroup/android.widget.ScrollView/android.view.ViewGroup/android.widget.Button</msg>
<status status="PASS" starttime="20230511 12:06:16.514" endtime="20230511 12:06:17.448"/>
</kw>
<kw name="Click Element" library="AppiumLibrary">
<arg>${LOGIN-BUTTON}</arg>
<doc>Click element identified by `locator`.</doc>
<msg timestamp="20230511 12:06:17.458" level="INFO">Clicking element 'xpath=/hierarchy/android.widget.FrameLayout/android.widget.LinearLayout/android.widget.FrameLayout/android.widget.LinearLayout/android.widget.FrameLayout/android.widget.FrameLayout/android.view.ViewGroup/android.view.ViewGroup/android.view.ViewGroup/android.view.ViewGroup/android.view.ViewGroup/android.view.ViewGroup/android.view.ViewGroup/android.view.ViewGroup/android.view.ViewGroup/android.widget.ScrollView/android.view.ViewGroup/android.widget.Button'.</msg>
<msg timestamp="20230511 12:06:18.537" level="INFO">xpath criteria: /hierarchy/android.widget.FrameLayout/android.widget.LinearLayout/android.widget.FrameLayout/android.widget.LinearLayout/android.widget.FrameLayout/android.widget.FrameLayout/android.view.ViewGroup/android.view.ViewGroup/android.view.ViewGroup/android.view.ViewGroup/android.view.ViewGroup/android.view.ViewGroup/android.view.ViewGroup/android.view.ViewGroup/android.view.ViewGroup/android.widget.ScrollView/android.view.ViewGroup/android.widget.Button</msg>
<status status="PASS" starttime="20230511 12:06:17.449" endtime="20230511 12:06:18.538"/>
</kw>
<kw name="Wait Until Page Contains Element" library="AppiumLibrary">
<arg>${Calc_ICON}</arg>
<doc>Waits until element specified with `locator` appears on current page.</doc>
<msg timestamp="20230511 12:06:18.754" level="INFO">xpath criteria: /hierarchy/android.widget.FrameLayout/android.widget.LinearLayout/android.widget.FrameLayout/android.widget.LinearLayout/android.widget.FrameLayout/android.widget.FrameLayout/android.view.ViewGroup/android.view.ViewGroup/android.view.ViewGroup/android.view.ViewGroup/android.view.ViewGroup/android.widget.LinearLayout/android.view.ViewGroup/android.widget.TextView</msg>
<status status="PASS" starttime="20230511 12:06:18.538" endtime="20230511 12:06:18.754"/>
</kw>
<kw name="Page Should Contain Element" library="AppiumLibrary">
<arg>${Calc_ICON}</arg>
<doc>Verifies that current page contains `locator` element.</doc>
<msg timestamp="20230511 12:06:19.287" level="INFO">Current page contains element 'xpath=/hierarchy/android.widget.FrameLayout/android.widget.LinearLayout/android.widget.FrameLayout/android.widget.LinearLayout/android.widget.FrameLayout/android.widget.FrameLayout/android.view.ViewGroup/android.view.ViewGroup/android.view.ViewGroup/android.view.ViewGroup/android.view.ViewGroup/android.widget.LinearLayout/android.view.ViewGroup/android.widget.TextView'.</msg>
<msg timestamp="20230511 12:06:19.287" level="INFO">xpath criteria: /hierarchy/android.widget.FrameLayout/android.widget.LinearLayout/android.widget.FrameLayout/android.widget.LinearLayout/android.widget.FrameLayout/android.widget.FrameLayout/android.view.ViewGroup/android.view.ViewGroup/android.view.ViewGroup/android.view.ViewGroup/android.view.ViewGroup/android.widget.LinearLayout/android.view.ViewGroup/android.widget.TextView</msg>
<status status="PASS" starttime="20230511 12:06:18.755" endtime="20230511 12:06:19.287"/>
</kw>
<status status="PASS" starttime="20230511 12:06:10.298" endtime="20230511 12:06:19.288"/>
</kw>
<status status="PASS" starttime="20230511 12:06:10.297" endtime="20230511 12:06:19.288"/>
</test>
<status status="PASS" starttime="20230511 12:05:57.580" endtime="20230511 12:06:19.289"/>
</suite>
<statistics>
<total>
<stat pass="1" fail="0" skip="0">All Tests</stat>
</total>
<tag>
</tag>
<suite>
<stat pass="1" fail="0" skip="0" id="s1" name="Login Screen">Login Screen</stat>
</suite>
</statistics>
<errors>
</errors>
</robot>
